<?xml version="1.0" encoding="UTF-8"?>
<testng-results skipped="0" failed="0" ignored="0" total="1" passed="1">
  <reporter-output>
  </reporter-output>
  <suite name="Default suite" duration-ms="61" started-at="2019-09-18T02:49:20Z" finished-at="2019-09-18T02:49:20Z">
    <groups>
    </groups>
    <test name="Default test" duration-ms="61" started-at="2019-09-18T02:49:20Z" finished-at="2019-09-18T02:49:20Z">
      <class name="testNG.ParameterizedTest">
        <test-method status="PASS" signature="printBrowser(java.lang.String)[pri:0, instance:testNG.ParameterizedTest@48eff760]" name="printBrowser" duration-ms="22" started-at="2019-09-18T08:19:20Z" finished-at="2019-09-18T08:19:20Z">
          <params>
            <param index="0">
              <value>
                <![CDATA[ie]]>
              </value>
            </param>
          </params>
          <reporter-output>
          </reporter-output>
        </test-method> <!-- printBrowser -->
      </class> <!-- testNG.ParameterizedTest -->
    </test> <!-- Default test -->
  </suite> <!-- Default suite -->
</testng-results>
