<?xml version="1.0" encoding="UTF-8"?>
<!-- Generated by org.testng.reporters.JUnitXMLReporter -->
<testsuite hostname="dhruv-HP-Notebook" ignored="1" name="Test" tests="3" failures="0" timestamp="23 Aug 2019 03:14:16 GMT" time="0.054" errors="0">
  <testcase name="test1" time="0.011" classname="testNG.GroupingDemo"/>
  <testcase name="test2" time="0.002" classname="testNG.GroupingDemo"/>
  <testcase name="test3" time="0.003" classname="testNG.GroupingDemo"/>
  <testcase name="test4" time="0.0" classname="testNG.GroupingDemo">
    <ignored/>
  </testcase> <!-- test4 -->
</testsuite> <!-- Test -->
